/*C2*/SET SCHEMA PUBLIC
DISCONNECT
/*C4*/SET SCHEMA PUBLIC
DISCONNECT
/*C3*/SET SCHEMA PUBLIC
INSERT INTO INVOICE VALUES('2c9e60819a122f1b019a1232471e0000','2025-10-23 00:00:00.000000',99999,NULL,21,2026,1,183.92,31.92)
INSERT INTO INVOICE_DETAILS VALUES('2c9e60819a122f1b019a1232471e0000',1,5,19.00000000000000000000000000000000,0,95.00)
INSERT INTO INVOICE_DETAILS VALUES('2c9e60819a122f1b019a1232471e0000',2,3,19.00000000000000000000000000000000,1,57.00)
COMMIT
DELETE FROM INVOICE WHERE ID='2c9e60819a122f1b019a1232471e0000'
INSERT INTO INVOICE VALUES('2c9e60819a122f1b019a1232471e0000','2025-10-23 00:00:00.000000',99999,NULL,21,2026,1,298.87,51.87)
COMMIT
DELETE FROM INVOICE_DETAILS WHERE INVOICE_ID='2c9e60819a122f1b019a1232471e0000' AND PRODUCT_NUMBER=1 AND QUANTITY=5 AND UNITPRICE=19.00000000000000000000000000000000 AND DETAILS_ORDER=0 AND AMOUNT=95.00
DELETE FROM INVOICE_DETAILS WHERE INVOICE_ID='2c9e60819a122f1b019a1232471e0000' AND PRODUCT_NUMBER=2 AND QUANTITY=3 AND UNITPRICE=19.00000000000000000000000000000000 AND DETAILS_ORDER=1 AND AMOUNT=57.00
INSERT INTO INVOICE_DETAILS VALUES('2c9e60819a122f1b019a1232471e0000',1,10,19.00000000000000000000000000000000,0,190.00)
INSERT INTO INVOICE_DETAILS VALUES('2c9e60819a122f1b019a1232471e0000',2,3,19.00000000000000000000000000000000,1,57.00)
COMMIT
DELETE FROM INVOICE_DETAILS WHERE INVOICE_ID='2c9e60819a122f1b019a1232471e0000' AND PRODUCT_NUMBER=1 AND QUANTITY=10 AND UNITPRICE=19.00000000000000000000000000000000 AND DETAILS_ORDER=0 AND AMOUNT=190.00
DELETE FROM INVOICE_DETAILS WHERE INVOICE_ID='2c9e60819a122f1b019a1232471e0000' AND PRODUCT_NUMBER=2 AND QUANTITY=3 AND UNITPRICE=19.00000000000000000000000000000000 AND DETAILS_ORDER=1 AND AMOUNT=57.00
DELETE FROM INVOICE WHERE ID='2c9e60819a122f1b019a1232471e0000'
COMMIT
INSERT INTO CUSTOMER VALUES(99999,'Test Customer','','123 Test Street','Test City','Test Country',NULL)
COMMIT
DELETE FROM CUSTOMER WHERE NUMBER=99999
INSERT INTO CUSTOMER VALUES(99999,'Modified Test Customer','','456 Modified Street','Modified City','Test Country',NULL)
COMMIT
DELETE FROM CUSTOMER WHERE NUMBER=99999
COMMIT
INSERT INTO PRODUCT VALUES(99999,'Test Product',125.50000000000000000000000000000000,NULL)
COMMIT
DELETE FROM PRODUCT WHERE NUMBER=99999
INSERT INTO PRODUCT VALUES(99999,'Modified Test Product',200.00000000000000000000000000000000,NULL)
COMMIT
DELETE FROM PRODUCT WHERE NUMBER=99999
COMMIT
/*C5*/SET SCHEMA PUBLIC
DISCONNECT
