/*C4*/SET SCHEMA PUBLIC
DISCONNECT
/*C5*/SET SCHEMA PUBLIC
DELETE FROM PRODUCT WHERE NUMBER=1
INSERT INTO PRODUCT VALUES(1,'Learn OpenXava by example',19.00000000000000000000000000000000,'43B46FC6C0A80198000000005B7E1D17',NULL,NULL,'4028819e9d2ecbb8019d2ecd37cc0002',NULL)
DELETE FROM PRODUCT WHERE NUMBER=2
INSERT INTO PRODUCT VALUES(2,'Aprende OpenXava con ejemplos',19.00000000000000000000000000000000,'43B4B6BCC0A80198000000006FAC1BC4',NULL,NULL,'4028819e9d2ecbb8019d2ecd37cc0002',NULL)
DELETE FROM PRODUCT WHERE NUMBER=3
INSERT INTO PRODUCT VALUES(3,'XavaPro Professional',499.00000000000000000000000000000000,NULL,NULL,NULL,'4028819e9d2ecbb8019d2ecd37cc0002',NULL)
DELETE FROM PRODUCT WHERE NUMBER=4
INSERT INTO PRODUCT VALUES(4,'XavaPro Enterprise',999.00000000000000000000000000000000,NULL,NULL,NULL,'4028819e9d2ecbb8019d2ecd37cc0002',NULL)
DELETE FROM PRODUCT WHERE NUMBER=5
INSERT INTO PRODUCT VALUES(5,'Chevrolet Camaro SS',45000.00000000000000000000000000000000,'43B505A4C0A80198000000008DC6DD1D','YELLOW',1800.00,'4028819e9d2ecbb8019d2eccd2ec0000',NULL)
DELETE FROM PRODUCT WHERE NUMBER=6
INSERT INTO PRODUCT VALUES(6,'Volvo Concept Coupe',52000.00000000000000000000000000000000,'43B559FBC0A80198000000003AE8C1A7','SILVER',1700.00,'4028819e9d2ecbb8019d2eccd2ec0000',NULL)
DELETE FROM PRODUCT WHERE NUMBER=7
INSERT INTO PRODUCT VALUES(7,'IntellJ',490.00000000000000000000000000000000,NULL,NULL,NULL,'4028819e9d2ecbb8019d2ecd37cc0002',NULL)
DELETE FROM PRODUCT WHERE NUMBER=8
INSERT INTO PRODUCT VALUES(8,'JRebel',300.00000000000000000000000000000000,NULL,NULL,NULL,'4028819e9d2ecbb8019d2ecd37cc0002',NULL)
DELETE FROM PRODUCT WHERE NUMBER=9
INSERT INTO PRODUCT VALUES(9,'Ducati Monster',12610.00000000000000000000000000000000,'43B5BD9DC0A80198000000008BA41AE7','RED',175.00,'4028819e9d2ecbb8019d2eccf1d60001',NULL)
DELETE FROM PRODUCT WHERE NUMBER=10
INSERT INTO PRODUCT VALUES(10,'BMW 330i',47000.00000000000000000000000000000000,'43B3CA91C0A80198000000006F1CC304','RED',1500.00,'4028819e9d2ecbb8019d2eccd2ec0000',NULL)
DELETE FROM PRODUCT WHERE NUMBER=11
INSERT INTO PRODUCT VALUES(11,'XavaPro Corporate ',3999.00000000000000000000000000000000,NULL,NULL,NULL,'4028819e9d2ecbb8019d2ecd37cc0002',NULL)
COMMIT
DELETE FROM PRODUCT WHERE NUMBER=1
INSERT INTO PRODUCT VALUES(1,'Learn OpenXava by example',19.00000000000000000000000000000000,'43B46FC6C0A80198000000005B7E1D17',NULL,NULL,'4028819e9d2ecbb8019d2ecd37cc0002','4028819e9d2ecbb8019d2ed10b680003')
DELETE FROM PRODUCT WHERE NUMBER=2
INSERT INTO PRODUCT VALUES(2,'Aprende OpenXava con ejemplos',19.00000000000000000000000000000000,'43B4B6BCC0A80198000000006FAC1BC4',NULL,NULL,'4028819e9d2ecbb8019d2ecd37cc0002','4028819e9d2ecbb8019d2ed10b680003')
DELETE FROM PRODUCT WHERE NUMBER=3
INSERT INTO PRODUCT VALUES(3,'XavaPro Professional',499.00000000000000000000000000000000,NULL,NULL,NULL,'4028819e9d2ecbb8019d2ecd37cc0002','4028819e9d2ecbb8019d2ed10b680003')
DELETE FROM PRODUCT WHERE NUMBER=4
INSERT INTO PRODUCT VALUES(4,'XavaPro Enterprise',999.00000000000000000000000000000000,NULL,NULL,NULL,'4028819e9d2ecbb8019d2ecd37cc0002','4028819e9d2ecbb8019d2ed10b680003')
DELETE FROM PRODUCT WHERE NUMBER=5
INSERT INTO PRODUCT VALUES(5,'Chevrolet Camaro SS',45000.00000000000000000000000000000000,'43B505A4C0A80198000000008DC6DD1D','YELLOW',1800.00,'4028819e9d2ecbb8019d2eccd2ec0000','4028819e9d2ecbb8019d2ed10b680003')
DELETE FROM PRODUCT WHERE NUMBER=6
INSERT INTO PRODUCT VALUES(6,'Volvo Concept Coupe',52000.00000000000000000000000000000000,'43B559FBC0A80198000000003AE8C1A7','SILVER',1700.00,'4028819e9d2ecbb8019d2eccd2ec0000','4028819e9d2ecbb8019d2ed10b680003')
DELETE FROM PRODUCT WHERE NUMBER=7
INSERT INTO PRODUCT VALUES(7,'IntellJ',490.00000000000000000000000000000000,NULL,NULL,NULL,'4028819e9d2ecbb8019d2ecd37cc0002','4028819e9d2ecbb8019d2ed10b680003')
DELETE FROM PRODUCT WHERE NUMBER=8
INSERT INTO PRODUCT VALUES(8,'JRebel',300.00000000000000000000000000000000,NULL,NULL,NULL,'4028819e9d2ecbb8019d2ecd37cc0002','4028819e9d2ecbb8019d2ed10b680003')
DELETE FROM PRODUCT WHERE NUMBER=9
INSERT INTO PRODUCT VALUES(9,'Ducati Monster',12610.00000000000000000000000000000000,'43B5BD9DC0A80198000000008BA41AE7','RED',175.00,'4028819e9d2ecbb8019d2eccf1d60001','4028819e9d2ecbb8019d2ed10b680003')
DELETE FROM PRODUCT WHERE NUMBER=10
INSERT INTO PRODUCT VALUES(10,'BMW 330i',47000.00000000000000000000000000000000,'43B3CA91C0A80198000000006F1CC304','RED',1500.00,'4028819e9d2ecbb8019d2eccd2ec0000','4028819e9d2ecbb8019d2ed10b680003')
DELETE FROM PRODUCT WHERE NUMBER=11
INSERT INTO PRODUCT VALUES(11,'XavaPro Corporate ',3999.00000000000000000000000000000000,NULL,NULL,NULL,'4028819e9d2ecbb8019d2ecd37cc0002','4028819e9d2ecbb8019d2ed10b680003')
COMMIT
DELETE FROM PRODUCT WHERE NUMBER=1
INSERT INTO PRODUCT VALUES(1,'Learn OpenXava by example',19.00000000000000000000000000000000,'43B46FC6C0A80198000000005B7E1D17','',NULL,'4028819e9d2ecbb8019d2ecd37cc0002','4028819e9d2ecbb8019d2ed29c9b0005')
COMMIT
DELETE FROM PRODUCT WHERE NUMBER=2
INSERT INTO PRODUCT VALUES(2,'Aprende OpenXava con ejemplos',19.00000000000000000000000000000000,'43B4B6BCC0A80198000000006FAC1BC4','',NULL,'4028819e9d2ecbb8019d2ecd37cc0002','4028819e9d2ecbb8019d2ed29c9b0005')
COMMIT
DELETE FROM PRODUCT WHERE NUMBER=6
INSERT INTO PRODUCT VALUES(6,'Volvo Concept Coupe',52000.00000000000000000000000000000000,'43B559FBC0A80198000000003AE8C1A7','SILVER',1700.00,'4028819e9d2ecbb8019d2eccd2ec0000',NULL)
COMMIT
DELETE FROM PRODUCT WHERE NUMBER=5
INSERT INTO PRODUCT VALUES(5,'Chevrolet Camaro SS',45000.00000000000000000000000000000000,'43B505A4C0A80198000000008DC6DD1D','YELLOW',1800.00,'4028819e9d2ecbb8019d2eccd2ec0000','4028819e9d2ecbb8019d2ed160ee0004')
COMMIT
